{"/Users/adampauw/test-projects/jest-udemy/react_tdd/giftgiver/src/components/App.js": {"path":"/Users/adampauw/test-projects/jest-udemy/react_tdd/giftgiver/src/components/App.js","statementMap":{"0":{"start":{"line":8,"column":4},"end":{"line":8,"column":12}},"1":{"start":{"line":10,"column":4},"end":{"line":10,"column":30}},"2":{"start":{"line":14,"column":22},"end":{"line":14,"column":32}},"3":{"start":{"line":16,"column":4},"end":{"line":16,"column":78}},"4":{"start":{"line":16,"column":61},"end":{"line":16,"column":68}},"5":{"start":{"line":18,"column":4},"end":{"line":18,"column":27}},"6":{"start":{"line":22,"column":18},"end":{"line":22,"column":65}},"7":{"start":{"line":22,"column":50},"end":{"line":22,"column":64}},"8":{"start":{"line":24,"column":4},"end":{"line":24,"column":29}},"9":{"start":{"line":28,"column":4},"end":{"line":46,"column":5}},"10":{"start":{"line":34,"column":14},"end":{"line":40,"column":15}}},"fnMap":{"0":{"name":"(anonymous_0)","decl":{"start":{"line":7,"column":2},"end":{"line":7,"column":3}},"loc":{"start":{"line":7,"column":16},"end":{"line":11,"column":3}},"line":7},"1":{"name":"(anonymous_1)","decl":{"start":{"line":13,"column":12},"end":{"line":13,"column":13}},"loc":{"start":{"line":13,"column":18},"end":{"line":19,"column":3}},"line":13},"2":{"name":"(anonymous_2)","decl":{"start":{"line":16,"column":53},"end":{"line":16,"column":54}},"loc":{"start":{"line":16,"column":61},"end":{"line":16,"column":68}},"line":16},"3":{"name":"(anonymous_3)","decl":{"start":{"line":21,"column":15},"end":{"line":21,"column":16}},"loc":{"start":{"line":21,"column":21},"end":{"line":25,"column":3}},"line":21},"4":{"name":"(anonymous_4)","decl":{"start":{"line":22,"column":42},"end":{"line":22,"column":43}},"loc":{"start":{"line":22,"column":50},"end":{"line":22,"column":64}},"line":22},"5":{"name":"(anonymous_5)","decl":{"start":{"line":27,"column":2},"end":{"line":27,"column":3}},"loc":{"start":{"line":27,"column":11},"end":{"line":47,"column":3}},"line":27},"6":{"name":"(anonymous_6)","decl":{"start":{"line":33,"column":34},"end":{"line":33,"column":35}},"loc":{"start":{"line":33,"column":42},"end":{"line":41,"column":13}},"line":33}},"branchMap":{},"s":{"0":1,"1":1,"2":4,"3":4,"4":0,"5":4,"6":1,"7":1,"8":1,"9":10,"10":4},"f":{"0":1,"1":4,"2":0,"3":1,"4":1,"5":10,"6":4},"b":{},"_coverageSchema":"332fd63041d2c1bcb487cc26dd0d5f7d97098a6c","hash":"9cca383b987c5b0838ff702466d590a0f2d99d20"}
,"/Users/adampauw/test-projects/jest-udemy/react_tdd/giftgiver/src/components/Gift.js": {"path":"/Users/adampauw/test-projects/jest-udemy/react_tdd/giftgiver/src/components/Gift.js","statementMap":{"0":{"start":{"line":7,"column":4},"end":{"line":7,"column":12}},"1":{"start":{"line":9,"column":4},"end":{"line":12,"column":6}},"2":{"start":{"line":16,"column":4},"end":{"line":40,"column":6}},"3":{"start":{"line":23,"column":33},"end":{"line":23,"column":78}},"4":{"start":{"line":30,"column":33},"end":{"line":30,"column":79}},"5":{"start":{"line":36,"column":25},"end":{"line":36,"column":66}}},"fnMap":{"0":{"name":"(anonymous_0)","decl":{"start":{"line":6,"column":2},"end":{"line":6,"column":3}},"loc":{"start":{"line":6,"column":16},"end":{"line":13,"column":3}},"line":6},"1":{"name":"(anonymous_1)","decl":{"start":{"line":15,"column":2},"end":{"line":15,"column":3}},"loc":{"start":{"line":15,"column":11},"end":{"line":41,"column":3}},"line":15},"2":{"name":"(anonymous_2)","decl":{"start":{"line":23,"column":24},"end":{"line":23,"column":25}},"loc":{"start":{"line":23,"column":33},"end":{"line":23,"column":78}},"line":23},"3":{"name":"(anonymous_3)","decl":{"start":{"line":30,"column":24},"end":{"line":30,"column":25}},"loc":{"start":{"line":30,"column":33},"end":{"line":30,"column":79}},"line":30},"4":{"name":"(anonymous_4)","decl":{"start":{"line":36,"column":19},"end":{"line":36,"column":20}},"loc":{"start":{"line":36,"column":25},"end":{"line":36,"column":66}},"line":36}},"branchMap":{},"s":{"0":1,"1":1,"2":3,"3":1,"4":1,"5":1},"f":{"0":1,"1":3,"2":1,"3":1,"4":1},"b":{},"_coverageSchema":"332fd63041d2c1bcb487cc26dd0d5f7d97098a6c","hash":"a3531ccc66a8c4084628b11264d45fda6d9b4f24"}
,"/Users/adampauw/test-projects/jest-udemy/react_tdd/giftgiver/src/helper/index.js": {"path":"/Users/adampauw/test-projects/jest-udemy/react_tdd/giftgiver/src/helper/index.js","statementMap":{"0":{"start":{"line":1,"column":26},"end":{"line":3,"column":1}},"1":{"start":{"line":2,"column":2},"end":{"line":2,"column":55}}},"fnMap":{"0":{"name":"(anonymous_0)","decl":{"start":{"line":1,"column":26},"end":{"line":1,"column":27}},"loc":{"start":{"line":1,"column":37},"end":{"line":3,"column":1}},"line":1}},"branchMap":{"0":{"loc":{"start":{"line":2,"column":9},"end":{"line":2,"column":54}},"type":"cond-expr","locations":[{"start":{"line":2,"column":30},"end":{"line":2,"column":50}},{"start":{"line":2,"column":53},"end":{"line":2,"column":54}}],"line":2}},"s":{"0":2,"1":6},"f":{"0":6},"b":{"0":[1,5]},"_coverageSchema":"332fd63041d2c1bcb487cc26dd0d5f7d97098a6c","hash":"eaaba77bfc9f4d509dcf780eb0c0be625f225e5d"}
}
