TN:
SF:/Users/adampauw/test-projects/jest-udemy/react_tdd/giftgiver/src/components/App.js
FN:7,(anonymous_0)
FN:13,(anonymous_1)
FN:16,(anonymous_2)
FN:21,(anonymous_3)
FN:22,(anonymous_4)
FN:27,(anonymous_5)
FN:33,(anonymous_6)
FNF:7
FNH:6
FNDA:1,(anonymous_0)
FNDA:4,(anonymous_1)
FNDA:0,(anonymous_2)
FNDA:1,(anonymous_3)
FNDA:1,(anonymous_4)
FNDA:10,(anonymous_5)
FNDA:4,(anonymous_6)
DA:8,1
DA:10,1
DA:14,4
DA:16,4
DA:18,4
DA:22,1
DA:24,1
DA:28,10
DA:34,4
LF:9
LH:9
BRF:0
BRH:0
end_of_record
TN:
SF:/Users/adampauw/test-projects/jest-udemy/react_tdd/giftgiver/src/components/Gift.js
FN:6,(anonymous_0)
FN:15,(anonymous_1)
FN:23,(anonymous_2)
FN:30,(anonymous_3)
FN:36,(anonymous_4)
FNF:5
FNH:5
FNDA:1,(anonymous_0)
FNDA:3,(anonymous_1)
FNDA:1,(anonymous_2)
FNDA:1,(anonymous_3)
FNDA:1,(anonymous_4)
DA:7,1
DA:9,1
DA:16,3
DA:23,1
DA:30,1
DA:36,1
LF:6
LH:6
BRF:0
BRH:0
end_of_record
TN:
SF:/Users/adampauw/test-projects/jest-udemy/react_tdd/giftgiver/src/helper/index.js
FN:1,(anonymous_0)
FNF:1
FNH:1
FNDA:6,(anonymous_0)
DA:1,2
DA:2,6
LF:2
LH:2
BRDA:2,0,0,1
BRDA:2,0,1,5
BRF:2
BRH:2
end_of_record
